<?xml version="1.0" encoding="UTF-8"?>
<!-- Generated by org.testng.reporters.JUnitReportReporter -->
<testsuite skipped="0" hostname="DESKTOP-QLTKSRN" name="testcases.LoginPageTest" tests="3" failures="0" timestamp="07 Nov 2020 05:11:18 GMT" time="27.446" errors="0">
  <testcase name="loginPageTitleTest" time="8.457" classname="testcases.LoginPageTest"/>
  <testcase name="LogoImage" time="7.740" classname="testcases.LoginPageTest"/>
  <testcase name="loginTest" time="11.249" classname="testcases.LoginPageTest"/>
</testsuite> <!-- testcases.LoginPageTest -->
