<?xml version="1.0" encoding="UTF-8"?>
<!-- Generated by org.testng.reporters.JUnitReportReporter -->
<testsuite hostname="DESKTOP-QLTKSRN" failures="0" tests="3" name="testcases.HomePageTest" time="37.927" errors="0" timestamp="07 Nov. 2020 22:06:50 GMT" skipped="0">
  <testcase classname="testcases.HomePageTest" name="verifyHomepageTitle" time="10.937"/>
  <testcase classname="testcases.HomePageTest" name="verifyingUserName" time="12.129"/>
  <testcase classname="testcases.HomePageTest" name="verifyContactLink" time="14.861"/>
</testsuite> <!-- testcases.HomePageTest -->
