<?xml version="1.0" encoding="UTF-8"?>
<!-- Generated by org.testng.reporters.JUnitReportReporter -->
<testsuite hostname="DESKTOP-QLTKSRN" failures="0" tests="3" name="testcases.LoginPageTest" time="26.665" errors="0" timestamp="08 Nov. 2020 00:00:55 GMT" skipped="0">
  <testcase classname="testcases.LoginPageTest" name="loginPageTitleTest" time="7.563"/>
  <testcase classname="testcases.LoginPageTest" name="LogoImage" time="7.622"/>
  <testcase classname="testcases.LoginPageTest" name="loginTest" time="11.480"/>
</testsuite> <!-- testcases.LoginPageTest -->
