<?xml version="1.0" encoding="UTF-8"?>
<!-- Generated by org.testng.reporters.JUnitReportReporter -->
<testsuite hostname="DESKTOP-QLTKSRN" failures="0" tests="3" name="testcases.LoginPageTest" time="24.588" errors="0" timestamp="07 Nov. 2020 21:36:29 GMT" skipped="0">
  <testcase classname="testcases.LoginPageTest" name="loginPageTitleTest" time="7.672"/>
  <testcase classname="testcases.LoginPageTest" name="LogoImage" time="7.707"/>
  <testcase classname="testcases.LoginPageTest" name="loginTest" time="9.209"/>
</testsuite> <!-- testcases.LoginPageTest -->
