<?xml version="1.0" encoding="UTF-8"?>
<!-- Generated by org.testng.reporters.JUnitReportReporter -->
<testsuite skipped="1" hostname="DESKTOP-QLTKSRN" name="testcases.ContactsPageTest" tests="3" failures="0" timestamp="07 Nov 2020 05:11:18 GMT" time="26.858" errors="0">
  <testcase name="verifyContactPAgeLabel" time="12.725" classname="testcases.ContactsPageTest"/>
  <testcase name="selectcontactTest" time="14.133" classname="testcases.ContactsPageTest"/>
  <testcase name="validateCreateNewContact" time="0.000" classname="testcases.ContactsPageTest">
    <skipped/>
  </testcase> <!-- validateCreateNewContact -->
</testsuite> <!-- testcases.ContactsPageTest -->
