<?xml version="1.0" encoding="UTF-8"?>
<!-- Generated by org.testng.reporters.JUnitReportReporter -->
<testsuite skipped="0" hostname="DESKTOP-QLTKSRN" name="testcases.HomePageTest" tests="3" failures="0" timestamp="07 Nov 2020 05:11:18 GMT" time="33.090" errors="0">
  <testcase name="verifyHomepageTitle" time="10.949" classname="testcases.HomePageTest"/>
  <testcase name="verifyingUserName" time="11.114" classname="testcases.HomePageTest"/>
  <testcase name="verifyContactLink" time="11.027" classname="testcases.HomePageTest"/>
</testsuite> <!-- testcases.HomePageTest -->
