<?xml version="1.0" encoding="UTF-8"?>
<!-- Generated by org.testng.reporters.JUnitReportReporter -->
<testsuite skipped="0" hostname="DESKTOP-QLTKSRN" name="testcases.LoginPageTest" tests="3" failures="0" timestamp="07 Nov 2020 05:56:07 GMT" time="22.676" errors="0">
  <testcase name="loginPageTitleTest" time="6.434" classname="testcases.LoginPageTest"/>
  <testcase name="LogoImage" time="6.365" classname="testcases.LoginPageTest"/>
  <testcase name="loginTest" time="9.877" classname="testcases.LoginPageTest"/>
</testsuite> <!-- testcases.LoginPageTest -->
