<?xml version="1.0" encoding="UTF-8"?>
<!-- Generated by org.testng.reporters.JUnitReportReporter -->
<testsuite skipped="0" hostname="DESKTOP-QLTKSRN" name="testcases.HomePageTest" tests="3" failures="0" timestamp="07 Nov 2020 05:56:07 GMT" time="35.656" errors="0">
  <testcase name="verifyHomepageTitle" time="10.400" classname="testcases.HomePageTest"/>
  <testcase name="verifyingUserName" time="12.017" classname="testcases.HomePageTest"/>
  <testcase name="verifyContactLink" time="13.239" classname="testcases.HomePageTest"/>
</testsuite> <!-- testcases.HomePageTest -->
